<?xml version="1.0" encoding="UTF-8"?>
<testsuite name="com.yamlin.BO.BOtest" tests="1" skipped="0" failures="0" errors="0" timestamp="2017-02-11T07:15:38" hostname="risewinter-lm" time="0.001">
  <properties/>
  <testcase name="testTraderBO" classname="com.yamlin.BO.BOtest" time="0.001"/>
  <system-out><![CDATA[]]></system-out>
  <system-err><![CDATA[]]></system-err>
</testsuite>
